<?xml version="1.0" encoding="UTF-8"?>
<testng-results ignored="0" total="4" passed="4" failed="0" skipped="0">
  <reporter-output>
  </reporter-output>
  <suite started-at="2021-09-27T06:06:38Z" name="Suite" finished-at="2021-09-27T06:06:59Z" duration-ms="20927">
    <groups>
    </groups>
    <test started-at="2021-09-27T06:06:38Z" name="Test1" finished-at="2021-09-27T06:06:38Z" duration-ms="36">
      <class name="login_tests.AppTest">
        <test-method signature="invalidLogin()[pri:0, instance:login_tests.AppTest@1187c9e8]" started-at="2021-09-27T06:06:38Z" name="invalidLogin" description="Invalid login" finished-at="2021-09-27T06:06:38Z" duration-ms="9" status="PASS">
          <reporter-output>
          </reporter-output>
        </test-method> <!-- invalidLogin -->
        <test-method signature="validLogin()[pri:0, instance:login_tests.AppTest@1187c9e8]" started-at="2021-09-27T06:06:38Z" name="validLogin" description="Valid login" finished-at="2021-09-27T06:06:38Z" duration-ms="0" status="PASS">
          <reporter-output>
          </reporter-output>
        </test-method> <!-- validLogin -->
      </class> <!-- login_tests.AppTest -->
    </test> <!-- Test1 -->
    <test started-at="2021-09-27T06:06:38Z" name="Test2" finished-at="2021-09-27T06:06:38Z" duration-ms="5">
      <class name="login_tests.Comparison">
        <test-method signature="f()[pri:0, instance:login_tests.Comparison@4032d386]" started-at="2021-09-27T06:06:38Z" name="f" finished-at="2021-09-27T06:06:38Z" duration-ms="1" status="PASS">
          <reporter-output>
          </reporter-output>
        </test-method> <!-- f -->
      </class> <!-- login_tests.Comparison -->
    </test> <!-- Test2 -->
    <test started-at="2021-09-27T06:06:38Z" name="Test3" finished-at="2021-09-27T06:06:59Z" duration-ms="20733">
      <class name="login_tests.UdemyLogin">
        <test-method is-config="true" signature="beforeTest()[pri:0, instance:login_tests.UdemyLogin@7674b62c]" started-at="2021-09-27T06:06:38Z" name="beforeTest" finished-at="2021-09-27T06:06:43Z" duration-ms="4795" status="PASS">
          <reporter-output>
          </reporter-output>
        </test-method> <!-- beforeTest -->
        <test-method signature="f()[pri:0, instance:login_tests.UdemyLogin@7674b62c]" started-at="2021-09-27T06:06:43Z" name="f" finished-at="2021-09-27T06:06:56Z" duration-ms="13236" status="PASS">
          <reporter-output>
          </reporter-output>
        </test-method> <!-- f -->
        <test-method is-config="true" signature="afterTest()[pri:0, instance:login_tests.UdemyLogin@7674b62c]" started-at="2021-09-27T06:06:56Z" name="afterTest" finished-at="2021-09-27T06:06:59Z" duration-ms="2702" status="PASS">
          <reporter-output>
          </reporter-output>
        </test-method> <!-- afterTest -->
      </class> <!-- login_tests.UdemyLogin -->
    </test> <!-- Test3 -->
  </suite> <!-- Suite -->
</testng-results>
