<?xml version="1.0" encoding="UTF-8"?>
<testng-results skipped="0" failed="0" ignored="0" total="1" passed="1">
  <reporter-output>
  </reporter-output>
  <suite name="Default suite" duration-ms="23742" started-at="2021-09-27T05:46:02Z" finished-at="2021-09-27T05:46:25Z">
    <groups>
    </groups>
    <test name="Default test" duration-ms="23742" started-at="2021-09-27T05:46:02Z" finished-at="2021-09-27T05:46:25Z">
      <class name="login_tests.UdemyLogin">
        <test-method status="PASS" signature="beforeTest()[pri:0, instance:login_tests.UdemyLogin@1bc39f8]" name="beforeTest" is-config="true" duration-ms="12699" started-at="2021-09-27T05:46:02Z" finished-at="2021-09-27T05:46:14Z">
          <reporter-output>
          </reporter-output>
        </test-method> <!-- beforeTest -->
        <test-method status="PASS" signature="f()[pri:0, instance:login_tests.UdemyLogin@1bc39f8]" name="f" duration-ms="7625" started-at="2021-09-27T05:46:14Z" finished-at="2021-09-27T05:46:22Z">
          <reporter-output>
          </reporter-output>
        </test-method> <!-- f -->
        <test-method status="PASS" signature="afterTest()[pri:0, instance:login_tests.UdemyLogin@1bc39f8]" name="afterTest" is-config="true" duration-ms="3349" started-at="2021-09-27T05:46:22Z" finished-at="2021-09-27T05:46:25Z">
          <reporter-output>
          </reporter-output>
        </test-method> <!-- afterTest -->
      </class> <!-- login_tests.UdemyLogin -->
    </test> <!-- Default test -->
  </suite> <!-- Default suite -->
</testng-results>
